# JRE version: OpenJDK Runtime Environment (8.0_202-b03) (build 1.8.0_202-release-1483-b03)
# Java VM: OpenJDK 64-Bit Server VM (25.202-b03 mixed mode windows-amd64 compressed oops)
Heap:
 PSYoungGen      total 301056K, used 206949K [0x00000000e0000000, 0x00000000f4680000, 0x0000000100000000)
  eden space 282112K, 66% used [0x00000000e0000000,0x00000000eb79d838,0x00000000f1380000)
  from space 18944K, 99% used [0x00000000f3400000,0x00000000f467bde0,0x00000000f4680000)
  to   space 25600K, 0% used [0x00000000f1480000,0x00000000f1480000,0x00000000f2d80000)
 ParOldGen       total 123392K, used 65375K [0x00000000a0000000, 0x00000000a7880000, 0x00000000e0000000)
  object space 123392K, 52% used [0x00000000a0000000,0x00000000a3fd7fa8,0x00000000a7880000)
 Metaspace       used 90920K, capacity 94682K, committed 94808K, reserved 1132544K
  class space    used 11784K, capacity 12555K, committed 12632K, reserved 1048576K
GC Heap History (10 events):
Event: 51.702 GC heap before
{Heap before GC invocations=15 (full 3):
 PSYoungGen      total 190976K, used 1772K [0x00000000e0000000, 0x00000000ed780000, 0x0000000100000000)
  eden space 173056K, 0% used [0x00000000e0000000,0x00000000e0000000,0x00000000ea900000)
  from space 17920K, 9% used [0x00000000ebb00000,0x00000000ebcbb1b8,0x00000000ecc80000)
  to   space 18432K, 0% used [0x00000000ea900000,0x00000000ea900000,0x00000000ebb00000)
 ParOldGen       total 87552K, used 39590K [0x00000000a0000000, 0x00000000a5580000, 0x00000000e0000000)
  object space 87552K, 45% used [0x00000000a0000000,0x00000000a26a9a00,0x00000000a5580000)
 Metaspace       used 57262K, capacity 58871K, committed 59028K, reserved 1099776K
  class space    used 7770K, capacity 8152K, committed 8152K, reserved 1048576K
Event: 52.022 GC heap after
Heap after GC invocations=15 (full 3):
 PSYoungGen      total 190976K, used 0K [0x00000000e0000000, 0x00000000ed780000, 0x0000000100000000)
  eden space 173056K, 0% used [0x00000000e0000000,0x00000000e0000000,0x00000000ea900000)
  from space 17920K, 0% used [0x00000000ebb00000,0x00000000ebb00000,0x00000000ecc80000)
  to   space 18432K, 0% used [0x00000000ea900000,0x00000000ea900000,0x00000000ebb00000)
 ParOldGen       total 123392K, used 29422K [0x00000000a0000000, 0x00000000a7880000, 0x00000000e0000000)
  object space 123392K, 23% used [0x00000000a0000000,0x00000000a1cbb938,0x00000000a7880000)
 Metaspace       used 57262K, capacity 58871K, committed 59028K, reserved 1099776K
  class space    used 7770K, capacity 8152K, committed 8152K, reserved 1048576K
}
Event: 2953.022 GC heap before
{Heap before GC invocations=16 (full 3):
 PSYoungGen      total 190976K, used 173056K [0x00000000e0000000, 0x00000000ed780000, 0x0000000100000000)
  eden space 173056K, 100% used [0x00000000e0000000,0x00000000ea900000,0x00000000ea900000)
  from space 17920K, 0% used [0x00000000ebb00000,0x00000000ebb00000,0x00000000ecc80000)
  to   space 18432K, 0% used [0x00000000ea900000,0x00000000ea900000,0x00000000ebb00000)
 ParOldGen       total 123392K, used 29422K [0x00000000a0000000, 0x00000000a7880000, 0x00000000e0000000)
  object space 123392K, 23% used [0x00000000a0000000,0x00000000a1cbb938,0x00000000a7880000)
 Metaspace       used 67273K, capacity 69421K, committed 69720K, reserved 1110016K
  class space    used 8803K, capacity 9287K, committed 9304K, reserved 1048576K
Event: 2953.169 GC heap after
Heap after GC invocations=16 (full 3):
 PSYoungGen      total 191488K, used 14660K [0x00000000e0000000, 0x00000000f0180000, 0x0000000100000000)
  eden space 173056K, 0% used [0x00000000e0000000,0x00000000e0000000,0x00000000ea900000)
  from space 18432K, 79% used [0x00000000ea900000,0x00000000eb751110,0x00000000ebb00000)
  to   space 19968K, 0% used [0x00000000eee00000,0x00000000eee00000,0x00000000f0180000)
 ParOldGen       total 123392K, used 29430K [0x00000000a0000000, 0x00000000a7880000, 0x00000000e0000000)
  object space 123392K, 23% used [0x00000000a0000000,0x00000000a1cbd938,0x00000000a7880000)
 Metaspace       used 67273K, capacity 69421K, committed 69720K, reserved 1110016K
  class space    used 8803K, capacity 9287K, committed 9304K, reserved 1048576K
}
Event: 2959.567 GC heap before
{Heap before GC invocations=17 (full 3):
 PSYoungGen      total 191488K, used 187716K [0x00000000e0000000, 0x00000000f0180000, 0x0000000100000000)
  eden space 173056K, 100% used [0x00000000e0000000,0x00000000ea900000,0x00000000ea900000)
  from space 18432K, 79% used [0x00000000ea900000,0x00000000eb751110,0x00000000ebb00000)
  to   space 19968K, 0% used [0x00000000eee00000,0x00000000eee00000,0x00000000f0180000)
 ParOldGen       total 123392K, used 29430K [0x00000000a0000000, 0x00000000a7880000, 0x00000000e0000000)
  object space 123392K, 23% used [0x00000000a0000000,0x00000000a1cbd938,0x00000000a7880000)
 Metaspace       used 70212K, capacity 72689K, committed 72792K, reserved 1112064K
  class space    used 9267K, capacity 9801K, committed 9816K, reserved 1048576K
Event: 2959.788 GC heap after
Heap after GC invocations=17 (full 3):
 PSYoungGen      total 242176K, used 16799K [0x00000000e0000000, 0x00000000f0d80000, 0x0000000100000000)
  eden space 222208K, 0% used [0x00000000e0000000,0x00000000e0000000,0x00000000ed900000)
  from space 19968K, 84% used [0x00000000eee00000,0x00000000efe67ca0,0x00000000f0180000)
  to   space 21504K, 0% used [0x00000000ed900000,0x00000000ed900000,0x00000000eee00000)
 ParOldGen       total 123392K, used 37009K [0x00000000a0000000, 0x00000000a7880000, 0x00000000e0000000)
  object space 123392K, 29% used [0x00000000a0000000,0x00000000a24246d0,0x00000000a7880000)
 Metaspace       used 70212K, capacity 72689K, committed 72792K, reserved 1112064K
  class space    used 9267K, capacity 9801K, committed 9816K, reserved 1048576K
}
Event: 3004.017 GC heap before
{Heap before GC invocations=18 (full 3):
 PSYoungGen      total 242176K, used 239007K [0x00000000e0000000, 0x00000000f0d80000, 0x0000000100000000)
  eden space 222208K, 100% used [0x00000000e0000000,0x00000000ed900000,0x00000000ed900000)
  from space 19968K, 84% used [0x00000000eee00000,0x00000000efe67ca0,0x00000000f0180000)
  to   space 21504K, 0% used [0x00000000ed900000,0x00000000ed900000,0x00000000eee00000)
 ParOldGen       total 123392K, used 37009K [0x00000000a0000000, 0x00000000a7880000, 0x00000000e0000000)
  object space 123392K, 29% used [0x00000000a0000000,0x00000000a24246d0,0x00000000a7880000)
 Metaspace       used 79068K, capacity 81806K, committed 82136K, reserved 1120256K
  class space    used 10285K, capacity 10890K, committed 10968K, reserved 1048576K
Event: 3004.143 GC heap after
Heap after GC invocations=18 (full 3):
 PSYoungGen      total 243712K, used 19088K [0x00000000e0000000, 0x00000000f4b00000, 0x0000000100000000)
  eden space 222208K, 0% used [0x00000000e0000000,0x00000000e0000000,0x00000000ed900000)
  from space 21504K, 88% used [0x00000000ed900000,0x00000000eeba4368,0x00000000eee00000)
  to   space 23552K, 0% used [0x00000000f3400000,0x00000000f3400000,0x00000000f4b00000)
 ParOldGen       total 123392K, used 52533K [0x00000000a0000000, 0x00000000a7880000, 0x00000000e0000000)
  object space 123392K, 42% used [0x00000000a0000000,0x00000000a334d7b0,0x00000000a7880000)
 Metaspace       used 79068K, capacity 81806K, committed 82136K, reserved 1120256K
  class space    used 10285K, capacity 10890K, committed 10968K, reserved 1048576K
}
Event: 3250.179 GC heap before
{Heap before GC invocations=19 (full 3):
 PSYoungGen      total 243712K, used 241296K [0x00000000e0000000, 0x00000000f4b00000, 0x0000000100000000)
  eden space 222208K, 100% used [0x00000000e0000000,0x00000000ed900000,0x00000000ed900000)
  from space 21504K, 88% used [0x00000000ed900000,0x00000000eeba4368,0x00000000eee00000)
  to   space 23552K, 0% used [0x00000000f3400000,0x00000000f3400000,0x00000000f4b00000)
 ParOldGen       total 123392K, used 52533K [0x00000000a0000000, 0x00000000a7880000, 0x00000000e0000000)
  object space 123392K, 42% used [0x00000000a0000000,0x00000000a334d7b0,0x00000000a7880000)
 Metaspace       used 82580K, capacity 85852K, committed 86232K, reserved 1124352K
  class space    used 10696K, capacity 11354K, committed 11480K, reserved 1048576K
Event: 3250.236 GC heap after
Heap after GC invocations=19 (full 3):
 PSYoungGen      total 301056K, used 18927K [0x00000000e0000000, 0x00000000f4680000, 0x0000000100000000)
  eden space 282112K, 0% used [0x00000000e0000000,0x00000000e0000000,0x00000000f1380000)
  from space 18944K, 99% used [0x00000000f3400000,0x00000000f467bde0,0x00000000f4680000)
  to   space 25600K, 0% used [0x00000000f1480000,0x00000000f1480000,0x00000000f2d80000)
 ParOldGen       total 123392K, used 65375K [0x00000000a0000000, 0x00000000a7880000, 0x00000000e0000000)
  object space 123392K, 52% used [0x00000000a0000000,0x00000000a3fd7fa8,0x00000000a7880000)
 Metaspace       used 82580K, capacity 85852K, committed 86232K, reserved 1124352K
  class space    used 10696K, capacity 11354K, committed 11480K, reserved 1048576K
}

